<?xml version="1.0" encoding="UTF-8"?>
<testng-results ignored="0" total="1" passed="1" failed="0" skipped="0">
  <reporter-output>
  </reporter-output>
  <suite started-at="2023-07-16T23:55:48 CEST" name="Default suite" finished-at="2023-07-16T23:55:53 CEST" duration-ms="5327">
    <groups>
    </groups>
    <test started-at="2023-07-16T23:55:48 CEST" name="Default test" finished-at="2023-07-16T23:55:53 CEST" duration-ms="5327">
      <class name="vezba.homePageTest">
        <test-method is-config="true" signature="setup()[pri:0, instance:vezba.homePageTest@17f62e33]" started-at="2023-07-16T23:55:48 CEST" name="setup" finished-at="2023-07-16T23:55:52 CEST" duration-ms="3975" status="PASS">
          <reporter-output>
          </reporter-output>
        </test-method> <!-- setup -->
        <test-method signature="firstTest()[pri:0, instance:vezba.homePageTest@17f62e33]" started-at="2023-07-16T23:55:52 CEST" name="firstTest" finished-at="2023-07-16T23:55:53 CEST" duration-ms="1141" status="PASS">
          <reporter-output>
          </reporter-output>
        </test-method> <!-- firstTest -->
        <test-method is-config="true" signature="tearDown()[pri:0, instance:vezba.homePageTest@17f62e33]" started-at="2023-07-16T23:55:53 CEST" name="tearDown" finished-at="2023-07-16T23:55:53 CEST" duration-ms="141" status="PASS">
          <reporter-output>
          </reporter-output>
        </test-method> <!-- tearDown -->
      </class> <!-- vezba.homePageTest -->
    </test> <!-- Default test -->
  </suite> <!-- Default suite -->
</testng-results>
